# JRE version: Java(TM) SE Runtime Environment (8.0_51-b16) (build 1.8.0_51-b16)
# Java VM: Java HotSpot(TM) 64-Bit Server VM (25.51-b03 mixed mode windows-amd64 compressed oops)
Heap:
 PSYoungGen      total 2796544K, used 213860K [0x00000006c0000000, 0x00000007c0000000, 0x00000007c0000000)
  eden space 1398784K, 15% used [0x00000006c0000000,0x00000006cd0d9310,0x0000000715600000)
  from space 1397760K, 0% used [0x000000076ab00000,0x000000076ab00000,0x00000007c0000000)
  to   space 1397760K, 0% used [0x0000000715600000,0x0000000715600000,0x000000076ab00000)
 ParOldGen       total 3649536K, used 2734716K [0x00000004c0000000, 0x000000059ec00000, 0x00000006c0000000)
  object space 3649536K, 74% used [0x00000004c0000000,0x0000000566e9f310,0x000000059ec00000)
 Metaspace       used 235727K, capacity 243405K, committed 243712K, reserved 1251328K
  class space    used 38964K, capacity 41098K, committed 41216K, reserved 1048576K
GC Heap History (10 events):
Event: 194.116 GC heap before
{Heap before GC invocations=76 (full 11):
 PSYoungGen      total 2796544K, used 1511587K [0x00000006c0000000, 0x00000007c0000000, 0x00000007c0000000)
  eden space 1398784K, 100% used [0x00000006c0000000,0x0000000715600000,0x0000000715600000)
  from space 1397760K, 8% used [0x000000076ab00000,0x0000000771928f48,0x00000007c0000000)
  to   space 1397760K, 0% used [0x0000000715600000,0x0000000715600000,0x000000076ab00000)
 ParOldGen       total 3624448K, used 2863101K [0x00000004c0000000, 0x000000059d380000, 0x00000006c0000000)
  object space 3624448K, 78% used [0x00000004c0000000,0x000000056ebff498,0x000000059d380000)
 Metaspace       used 229446K, capacity 236675K, committed 236928K, reserved 1245184K
  class space    used 38255K, capacity 40295K, committed 40320K, reserved 1048576K
Event: 194.196 GC heap after
Heap after GC invocations=76 (full 11):
 PSYoungGen      total 2796544K, used 135181K [0x00000006c0000000, 0x00000007c0000000, 0x00000007c0000000)
  eden space 1398784K, 0% used [0x00000006c0000000,0x00000006c0000000,0x0000000715600000)
  from space 1397760K, 9% used [0x0000000715600000,0x000000071da03668,0x000000076ab00000)
  to   space 1397760K, 0% used [0x000000076ab00000,0x000000076ab00000,0x00000007c0000000)
 ParOldGen       total 3624448K, used 2972207K [0x00000004c0000000, 0x000000059d380000, 0x00000006c0000000)
  object space 3624448K, 82% used [0x00000004c0000000,0x000000057568be88,0x000000059d380000)
 Metaspace       used 229446K, capacity 236675K, committed 236928K, reserved 1245184K
  class space    used 38255K, capacity 40295K, committed 40320K, reserved 1048576K
}
Event: 197.135 GC heap before
{Heap before GC invocations=77 (full 11):
 PSYoungGen      total 2796544K, used 1533965K [0x00000006c0000000, 0x00000007c0000000, 0x00000007c0000000)
  eden space 1398784K, 100% used [0x00000006c0000000,0x0000000715600000,0x0000000715600000)
  from space 1397760K, 9% used [0x0000000715600000,0x000000071da03668,0x000000076ab00000)
  to   space 1397760K, 0% used [0x000000076ab00000,0x000000076ab00000,0x00000007c0000000)
 ParOldGen       total 3624448K, used 2972207K [0x00000004c0000000, 0x000000059d380000, 0x00000006c0000000)
  object space 3624448K, 82% used [0x00000004c0000000,0x000000057568be88,0x000000059d380000)
 Metaspace       used 231050K, capacity 238411K, committed 238720K, reserved 1247232K
  class space    used 38434K, capacity 40481K, committed 40576K, reserved 1048576K
Event: 197.201 GC heap after
Heap after GC invocations=77 (full 11):
 PSYoungGen      total 2796544K, used 90770K [0x00000006c0000000, 0x00000007c0000000, 0x00000007c0000000)
  eden space 1398784K, 0% used [0x00000006c0000000,0x00000006c0000000,0x0000000715600000)
  from space 1397760K, 6% used [0x000000076ab00000,0x00000007703a4888,0x00000007c0000000)
  to   space 1397760K, 0% used [0x0000000715600000,0x0000000715600000,0x000000076ab00000)
 ParOldGen       total 3624448K, used 3104994K [0x00000004c0000000, 0x000000059d380000, 0x00000006c0000000)
  object space 3624448K, 85% used [0x00000004c0000000,0x000000057d838a18,0x000000059d380000)
 Metaspace       used 231050K, capacity 238411K, committed 238720K, reserved 1247232K
  class space    used 38434K, capacity 40481K, committed 40576K, reserved 1048576K
}
Event: 199.862 GC heap before
{Heap before GC invocations=78 (full 11):
 PSYoungGen      total 2796544K, used 1489554K [0x00000006c0000000, 0x00000007c0000000, 0x00000007c0000000)
  eden space 1398784K, 100% used [0x00000006c0000000,0x0000000715600000,0x0000000715600000)
  from space 1397760K, 6% used [0x000000076ab00000,0x00000007703a4888,0x00000007c0000000)
  to   space 1397760K, 0% used [0x0000000715600000,0x0000000715600000,0x000000076ab00000)
 ParOldGen       total 3624448K, used 3104994K [0x00000004c0000000, 0x000000059d380000, 0x00000006c0000000)
  object space 3624448K, 85% used [0x00000004c0000000,0x000000057d838a18,0x000000059d380000)
 Metaspace       used 232032K, capacity 239603K, committed 239872K, reserved 1249280K
  class space    used 38574K, capacity 40651K, committed 40704K, reserved 1048576K
Event: 199.933 GC heap after
Heap after GC invocations=78 (full 11):
 PSYoungGen      total 2796544K, used 108096K [0x00000006c0000000, 0x00000007c0000000, 0x00000007c0000000)
  eden space 1398784K, 0% used [0x00000006c0000000,0x00000006c0000000,0x0000000715600000)
  from space 1397760K, 7% used [0x0000000715600000,0x000000071bf90068,0x000000076ab00000)
  to   space 1397760K, 0% used [0x000000076ab00000,0x000000076ab00000,0x00000007c0000000)
 ParOldGen       total 3624448K, used 3192536K [0x00000004c0000000, 0x000000059d380000, 0x00000006c0000000)
  object space 3624448K, 88% used [0x00000004c0000000,0x0000000582db6190,0x000000059d380000)
 Metaspace       used 232032K, capacity 239603K, committed 239872K, reserved 1249280K
  class space    used 38574K, capacity 40651K, committed 40704K, reserved 1048576K
}
Event: 203.687 GC heap before
{Heap before GC invocations=79 (full 11):
 PSYoungGen      total 2796544K, used 1506880K [0x00000006c0000000, 0x00000007c0000000, 0x00000007c0000000)
  eden space 1398784K, 100% used [0x00000006c0000000,0x0000000715600000,0x0000000715600000)
  from space 1397760K, 7% used [0x0000000715600000,0x000000071bf90068,0x000000076ab00000)
  to   space 1397760K, 0% used [0x000000076ab00000,0x000000076ab00000,0x00000007c0000000)
 ParOldGen       total 3624448K, used 3192536K [0x00000004c0000000, 0x000000059d380000, 0x00000006c0000000)
  object space 3624448K, 88% used [0x00000004c0000000,0x0000000582db6190,0x000000059d380000)
 Metaspace       used 234322K, capacity 241999K, committed 242304K, reserved 1251328K
  class space    used 38888K, capacity 40999K, committed 41088K, reserved 1048576K
Event: 203.726 GC heap after
Heap after GC invocations=79 (full 11):
 PSYoungGen      total 2796544K, used 24827K [0x00000006c0000000, 0x00000007c0000000, 0x00000007c0000000)
  eden space 1398784K, 0% used [0x00000006c0000000,0x00000006c0000000,0x0000000715600000)
  from space 1397760K, 1% used [0x000000076ab00000,0x000000076c33ec18,0x00000007c0000000)
  to   space 1397760K, 0% used [0x0000000715600000,0x0000000715600000,0x000000076ab00000)
 ParOldGen       total 3624448K, used 3249614K [0x00000004c0000000, 0x000000059d380000, 0x00000006c0000000)
  object space 3624448K, 89% used [0x00000004c0000000,0x0000000586573a80,0x000000059d380000)
 Metaspace       used 234322K, capacity 241999K, committed 242304K, reserved 1251328K
  class space    used 38888K, capacity 40999K, committed 41088K, reserved 1048576K
}
Event: 203.726 GC heap before
{Heap before GC invocations=80 (full 12):
 PSYoungGen      total 2796544K, used 24827K [0x00000006c0000000, 0x00000007c0000000, 0x00000007c0000000)
  eden space 1398784K, 0% used [0x00000006c0000000,0x00000006c0000000,0x0000000715600000)
  from space 1397760K, 1% used [0x000000076ab00000,0x000000076c33ec18,0x00000007c0000000)
  to   space 1397760K, 0% used [0x0000000715600000,0x0000000715600000,0x000000076ab00000)
 ParOldGen       total 3624448K, used 3249614K [0x00000004c0000000, 0x000000059d380000, 0x00000006c0000000)
  object space 3624448K, 89% used [0x00000004c0000000,0x0000000586573a80,0x000000059d380000)
 Metaspace       used 234322K, capacity 241999K, committed 242304K, reserved 1251328K
  class space    used 38888K, capacity 40999K, committed 41088K, reserved 1048576K
Event: 205.463 GC heap after
Heap after GC invocations=80 (full 12):
 PSYoungGen      total 2796544K, used 0K [0x00000006c0000000, 0x00000007c0000000, 0x00000007c0000000)
  eden space 1398784K, 0% used [0x00000006c0000000,0x00000006c0000000,0x0000000715600000)
  from space 1397760K, 0% used [0x000000076ab00000,0x000000076ab00000,0x00000007c0000000)
  to   space 1397760K, 0% used [0x0000000715600000,0x0000000715600000,0x000000076ab00000)
 ParOldGen       total 3649536K, used 2734716K [0x00000004c0000000, 0x000000059ec00000, 0x00000006c0000000)
  object space 3649536K, 74% used [0x00000004c0000000,0x0000000566e9f310,0x000000059ec00000)
 Metaspace       used 234322K, capacity 241999K, committed 242304K, reserved 1251328K
  class space    used 38888K, capacity 40999K, committed 41088K, reserved 1048576K
}

